[debug] [2026-01-20T23:34:11.347Z] ----------------------------------------------------------------------
[debug] [2026-01-20T23:34:11.361Z] Command:       C:\Program Files\nodejs\node.exe C:\Users\Mole-PC\AppData\Roaming\npm\node_modules\firebase-tools\lib\bin\firebase.js deploy --only hosting
[debug] [2026-01-20T23:34:11.361Z] CLI Version:   14.19.1
[debug] [2026-01-20T23:34:11.361Z] Platform:      win32
[debug] [2026-01-20T23:34:11.361Z] Node Version:  v22.20.0
[debug] [2026-01-20T23:34:11.362Z] Time:          Tue Jan 20 2026 20:34:11 GMT-0300 (hora de verano de Chile)
[debug] [2026-01-20T23:34:11.362Z] ----------------------------------------------------------------------
[debug] 
[debug] [2026-01-20T23:34:11.657Z] > command requires scopes: ["email","openid","https://www.googleapis.com/auth/cloudplatformprojects.readonly","https://www.googleapis.com/auth/firebase","https://www.googleapis.com/auth/cloud-platform"]
[debug] [2026-01-20T23:34:11.658Z] > authorizing via signed-in user (bmeryu@gmail.com)
[debug] [2026-01-20T23:34:11.659Z] [iam] checking project aulagenia for permissions ["firebase.projects.get","firebasehosting.sites.update"]
[debug] [2026-01-20T23:34:11.661Z] Checked if tokens are valid: false, expires at: 1768942363974
[debug] [2026-01-20T23:34:11.661Z] Checked if tokens are valid: false, expires at: 1768942363974
[debug] [2026-01-20T23:34:11.661Z] > refreshing access token with scopes: []
[debug] [2026-01-20T23:34:11.665Z] >>> [apiv2][query] POST https://www.googleapis.com/oauth2/v3/token [none]
[debug] [2026-01-20T23:34:11.665Z] >>> [apiv2][body] POST https://www.googleapis.com/oauth2/v3/token [omitted]
[debug] [2026-01-20T23:34:11.852Z] <<< [apiv2][status] POST https://www.googleapis.com/oauth2/v3/token 200
[debug] [2026-01-20T23:34:11.852Z] <<< [apiv2][body] POST https://www.googleapis.com/oauth2/v3/token [omitted]
[debug] [2026-01-20T23:34:11.910Z] >>> [apiv2][query] POST https://cloudresourcemanager.googleapis.com/v1/projects/aulagenia:testIamPermissions [none]
[debug] [2026-01-20T23:34:11.910Z] >>> [apiv2][(partial)header] POST https://cloudresourcemanager.googleapis.com/v1/projects/aulagenia:testIamPermissions x-goog-quota-user=projects/aulagenia
[debug] [2026-01-20T23:34:11.910Z] >>> [apiv2][body] POST https://cloudresourcemanager.googleapis.com/v1/projects/aulagenia:testIamPermissions {"permissions":["firebase.projects.get","firebasehosting.sites.update"]}
[debug] [2026-01-20T23:34:12.895Z] <<< [apiv2][status] POST https://cloudresourcemanager.googleapis.com/v1/projects/aulagenia:testIamPermissions 200
[debug] [2026-01-20T23:34:12.896Z] <<< [apiv2][body] POST https://cloudresourcemanager.googleapis.com/v1/projects/aulagenia:testIamPermissions {"permissions":["firebase.projects.get","firebasehosting.sites.update"]}
[debug] [2026-01-20T23:34:12.897Z] Checked if tokens are valid: true, expires at: 1768955650852
[debug] [2026-01-20T23:34:12.897Z] Checked if tokens are valid: true, expires at: 1768955650852
[debug] [2026-01-20T23:34:12.898Z] >>> [apiv2][query] GET https://firebase.googleapis.com/v1beta1/projects/aulagenia [none]
[debug] [2026-01-20T23:34:13.289Z] <<< [apiv2][status] GET https://firebase.googleapis.com/v1beta1/projects/aulagenia 200
[debug] [2026-01-20T23:34:13.289Z] <<< [apiv2][body] GET https://firebase.googleapis.com/v1beta1/projects/aulagenia {"projectId":"aulagenia","projectNumber":"173328075630","displayName":"AulaGenIA","name":"projects/aulagenia","resources":{"hostingSite":"aulagenia"},"state":"ACTIVE","etag":"1_2a25cc54-696c-4a66-a249-f98ee8779f18"}
[info] 
[info] === Deploying to 'aulagenia'...
[info] 
[info] i  deploying hosting 
[debug] [2026-01-20T23:34:13.296Z] Checked if tokens are valid: true, expires at: 1768955650852
[debug] [2026-01-20T23:34:13.296Z] Checked if tokens are valid: true, expires at: 1768955650852
[debug] [2026-01-20T23:34:13.296Z] >>> [apiv2][query] POST https://firebasehosting.googleapis.com/v1beta1/projects/-/sites/aulagenia/versions [none]
[debug] [2026-01-20T23:34:13.296Z] >>> [apiv2][body] POST https://firebasehosting.googleapis.com/v1beta1/projects/-/sites/aulagenia/versions {"status":"CREATED","labels":{"deployment-tool":"cli-firebase"}}
[debug] [2026-01-20T23:34:14.795Z] <<< [apiv2][status] POST https://firebasehosting.googleapis.com/v1beta1/projects/-/sites/aulagenia/versions 200
